<?xml version="1.0" encoding="UTF-8"?>
<!-- Generated by org.testng.reporters.JUnitXMLReporter -->
<testsuite ignored="0" hostname="MSI" failures="0" tests="3" name="LoginTest" time="28.91" errors="0" timestamp="2025-09-15T14:04:36 IST">
  <testcase classname="tests.LoginTest" name="testEmptyFields" time="8.986"/>
  <testcase classname="tests.LoginTest" name="testInvalidLogin" time="6.541"/>
  <testcase classname="tests.LoginTest" name="testValidLogin" time="7.864"/>
</testsuite> <!-- LoginTest -->
