<?xml version="1.0" encoding="UTF-8"?>
<!-- Generated by org.testng.reporters.JUnitXMLReporter -->
<testsuite ignored="0" hostname="MSI" failures="0" tests="3" name="LoginTest" time="15.298" errors="0" timestamp="2025-09-15T15:55:41 IST">
  <testcase classname="tests.LoginTest" name="testEmptyFields" time="6.984"/>
  <testcase classname="tests.LoginTest" name="testInvalidLogin" time="8.854"/>
  <testcase classname="tests.LoginTest" name="testValidLogin" time="6.114"/>
</testsuite> <!-- LoginTest -->
