<?xml version="1.0" encoding="UTF-8"?>
<testng-results ignored="0" total="3" passed="3" failed="0" skipped="0">
  <reporter-output>
  </reporter-output>
  <suite started-at="2025-09-15T14:04:07 IST" name="SeleniumSuite" finished-at="2025-09-15T14:04:36 IST" duration-ms="28910">
    <groups>
    </groups>
    <test started-at="2025-09-15T14:04:07 IST" name="LoginTest" finished-at="2025-09-15T14:04:36 IST" duration-ms="28910">
      <class name="tests.LoginTest">
        <test-method is-config="true" signature="setUp()[pri:0, instance:tests.LoginTest@6e171cd7]" started-at="2025-09-15T14:04:07 IST" name="setUp" finished-at="2025-09-15T14:04:10 IST" duration-ms="2808" status="PASS">
          <reporter-output>
          </reporter-output>
        </test-method> <!-- setUp -->
        <test-method signature="testEmptyFields()[pri:0, instance:tests.LoginTest@6e171cd7]" started-at="2025-09-15T14:04:10 IST" name="testEmptyFields" finished-at="2025-09-15T14:04:19 IST" duration-ms="8986" status="PASS">
          <reporter-output>
          </reporter-output>
        </test-method> <!-- testEmptyFields -->
        <test-method is-config="true" signature="tearDown()[pri:0, instance:tests.LoginTest@6e171cd7]" started-at="2025-09-15T14:04:19 IST" name="tearDown" finished-at="2025-09-15T14:04:19 IST" duration-ms="197" status="PASS">
          <reporter-output>
          </reporter-output>
        </test-method> <!-- tearDown -->
        <test-method is-config="true" signature="setUp()[pri:0, instance:tests.LoginTest@6e171cd7]" started-at="2025-09-15T14:04:19 IST" name="setUp" finished-at="2025-09-15T14:04:20 IST" duration-ms="1156" status="PASS">
          <reporter-output>
          </reporter-output>
        </test-method> <!-- setUp -->
        <test-method signature="testInvalidLogin()[pri:0, instance:tests.LoginTest@6e171cd7]" started-at="2025-09-15T14:04:20 IST" name="testInvalidLogin" finished-at="2025-09-15T14:04:27 IST" duration-ms="6541" status="PASS">
          <reporter-output>
          </reporter-output>
        </test-method> <!-- testInvalidLogin -->
        <test-method is-config="true" signature="tearDown()[pri:0, instance:tests.LoginTest@6e171cd7]" started-at="2025-09-15T14:04:27 IST" name="tearDown" finished-at="2025-09-15T14:04:27 IST" duration-ms="119" status="PASS">
          <reporter-output>
          </reporter-output>
        </test-method> <!-- tearDown -->
        <test-method is-config="true" signature="setUp()[pri:0, instance:tests.LoginTest@6e171cd7]" started-at="2025-09-15T14:04:27 IST" name="setUp" finished-at="2025-09-15T14:04:28 IST" duration-ms="1040" status="PASS">
          <reporter-output>
          </reporter-output>
        </test-method> <!-- setUp -->
        <test-method signature="testValidLogin()[pri:0, instance:tests.LoginTest@6e171cd7]" started-at="2025-09-15T14:04:28 IST" name="testValidLogin" finished-at="2025-09-15T14:04:36 IST" duration-ms="7864" status="PASS">
          <reporter-output>
          </reporter-output>
        </test-method> <!-- testValidLogin -->
        <test-method is-config="true" signature="tearDown()[pri:0, instance:tests.LoginTest@6e171cd7]" started-at="2025-09-15T14:04:36 IST" name="tearDown" finished-at="2025-09-15T14:04:36 IST" duration-ms="166" status="PASS">
          <reporter-output>
          </reporter-output>
        </test-method> <!-- tearDown -->
      </class> <!-- tests.LoginTest -->
    </test> <!-- LoginTest -->
  </suite> <!-- SeleniumSuite -->
</testng-results>
