<?xml version="1.0" encoding="UTF-8"?>
<testng-results ignored="0" total="3" passed="3" failed="0" skipped="0">
  <reporter-output>
  </reporter-output>
  <suite started-at="2025-09-15T15:55:26 IST" name="SeleniumSuite" finished-at="2025-09-15T15:55:41 IST" duration-ms="15298">
    <groups>
    </groups>
    <test started-at="2025-09-15T15:55:26 IST" name="LoginTest" finished-at="2025-09-15T15:55:41 IST" duration-ms="15298">
      <class name="tests.LoginTest">
        <test-method is-config="true" signature="setUp()[pri:0, instance:tests.LoginTest@6aba2b86]" started-at="2025-09-15T15:55:26 IST" name="setUp" finished-at="2025-09-15T15:55:27 IST" duration-ms="1188" status="PASS">
          <reporter-output>
          </reporter-output>
        </test-method> <!-- setUp -->
        <test-method is-config="true" signature="setUp()[pri:0, instance:tests.LoginTest@6aba2b86]" started-at="2025-09-15T15:55:26 IST" name="setUp" finished-at="2025-09-15T15:55:27 IST" duration-ms="1188" status="PASS">
          <reporter-output>
          </reporter-output>
        </test-method> <!-- setUp -->
        <test-method signature="testInvalidLogin()[pri:0, instance:tests.LoginTest@6aba2b86]" started-at="2025-09-15T15:55:27 IST" name="testInvalidLogin" finished-at="2025-09-15T15:55:36 IST" duration-ms="8854" status="PASS">
          <reporter-output>
          </reporter-output>
        </test-method> <!-- testInvalidLogin -->
        <test-method signature="testEmptyFields()[pri:0, instance:tests.LoginTest@6aba2b86]" started-at="2025-09-15T15:55:27 IST" name="testEmptyFields" finished-at="2025-09-15T15:55:34 IST" duration-ms="6984" status="PASS">
          <reporter-output>
          </reporter-output>
        </test-method> <!-- testEmptyFields -->
        <test-method is-config="true" signature="tearDown(org.testng.ITestResult)[pri:0, instance:tests.LoginTest@6aba2b86]" started-at="2025-09-15T15:55:34 IST" name="tearDown" finished-at="2025-09-15T15:55:34 IST" duration-ms="152" status="PASS">
          <params>
            <param index="0">
              <value>
                <![CDATA[[TestResult name=testEmptyFields status=SUCCESS method=LoginTest.testEmptyFields()[pri:0, instance:tests.LoginTest@6aba2b86] output={null}]]]>
              </value>
            </param>
          </params>
          <reporter-output>
          </reporter-output>
        </test-method> <!-- tearDown -->
        <test-method is-config="true" signature="setUp()[pri:0, instance:tests.LoginTest@6aba2b86]" started-at="2025-09-15T15:55:34 IST" name="setUp" finished-at="2025-09-15T15:55:35 IST" duration-ms="697" status="PASS">
          <reporter-output>
          </reporter-output>
        </test-method> <!-- setUp -->
        <test-method signature="testValidLogin()[pri:0, instance:tests.LoginTest@6aba2b86]" started-at="2025-09-15T15:55:35 IST" name="testValidLogin" finished-at="2025-09-15T15:55:41 IST" duration-ms="6114" status="PASS">
          <reporter-output>
          </reporter-output>
        </test-method> <!-- testValidLogin -->
        <test-method is-config="true" signature="tearDown(org.testng.ITestResult)[pri:0, instance:tests.LoginTest@6aba2b86]" started-at="2025-09-15T15:55:36 IST" name="tearDown" finished-at="2025-09-15T15:55:36 IST" duration-ms="136" status="PASS">
          <params>
            <param index="0">
              <value>
                <![CDATA[[TestResult name=testInvalidLogin status=SUCCESS method=LoginTest.testInvalidLogin()[pri:0, instance:tests.LoginTest@6aba2b86] output={null}]]]>
              </value>
            </param>
          </params>
          <reporter-output>
          </reporter-output>
        </test-method> <!-- tearDown -->
        <test-method is-config="true" signature="tearDown(org.testng.ITestResult)[pri:0, instance:tests.LoginTest@6aba2b86]" started-at="2025-09-15T15:55:41 IST" name="tearDown" finished-at="2025-09-15T15:55:41 IST" duration-ms="143" status="PASS">
          <params>
            <param index="0">
              <value>
                <![CDATA[[TestResult name=testValidLogin status=SUCCESS method=LoginTest.testValidLogin()[pri:0, instance:tests.LoginTest@6aba2b86] output={null}]]]>
              </value>
            </param>
          </params>
          <reporter-output>
          </reporter-output>
        </test-method> <!-- tearDown -->
      </class> <!-- tests.LoginTest -->
    </test> <!-- LoginTest -->
  </suite> <!-- SeleniumSuite -->
</testng-results>
